mmtext/build/intermediates/manifest_merge_blame_file/debug/manifest-merger-blame-debug-report.txt
1<?xml version="1.0" encoding="utf-8"?>
2<manifest xmlns:android="http://schemas.android.com/apk/res/android"
3    package="mm.technomation.mmtext" >
4
5    <uses-sdk
6        android:minSdkVersion="7"
6-->src\main\AndroidManifest.xml
7        android:targetSdkVersion="34" />
7-->src\main\AndroidManifest.xml
8
9    <application
9-->src\main\AndroidManifest.xml:3:3-7:17
10        android:allowBackup="true"
10-->src\main\AndroidManifest.xml:3:16-42
11        android:label="@string/app_name" >
11-->src\main\AndroidManifest.xml:4:7-39
12    </application>
13
14</manifest>